Active-HDL 9.3.2744.4995  2017-11-14 6:49:58 PM

Elaboration top modules:
Architecture                  BENCH(fullAdder_TB)


------------------------------------------------------------------------------------------------
Entity       | Architecture | Library   | Info | Compiler Version         | Compilation Options
------------------------------------------------------------------------------------------------
fullAdder_TB | BENCH        | fulladder |      | 9.3.2744.4995  (Windows) | -O3
fullAdder    | behavior     | fulladder |      | 9.3.2744.4995  (Windows) | -O3
------------------------------------------------------------------------------------------------

------------------------------------------------------------------------------------------------
VHDL Package                | Library   | Info | Compiler Version         | Compilation Options
------------------------------------------------------------------------------------------------
standard                    | std       |      |                          | 
TEXTIO                      | std       |      | 9.3.2744.4995  (Windows) |  -2008
std_logic_1164              | ieee      |      | 9.3.2744.4995  (Windows) |  -2008
std_logic_arith             | ieee      |      | 9.3.2744.4995  (Windows) | 
STD_LOGIC_UNSIGNED          | ieee      |      | 9.3.2744.4995  (Windows) | 
------------------------------------------------------------------------------------------------

------------------------------------------------------------------------------------------------
Library                     | Comment
------------------------------------------------------------------------------------------------
fulladder                   | None
ieee                        | Standard IEEE packages library
std                         | Standard VHDL library
------------------------------------------------------------------------------------------------
